Flow report for regist
Wed Nov  2 15:26:25 2016
Quartus II 32-bit Version 13.0.1 Build 232 06/12/2013 Service Pack 1 SJ Full Version


---------------------
; Table of Contents ;
---------------------
  1. Legal Notice
  2. Flow Summary
  3. Flow Settings
  4. Flow Non-Default Global Settings
  5. Flow Elapsed Time
  6. Flow OS Summary
  7. Flow Log
  8. Flow Messages
  9. Flow Suppressed Messages



----------------
; Legal Notice ;
----------------
Copyright (C) 1991-2013 Altera Corporation
Your use of Altera Corporation's design tools, logic functions 
and other software and tools, and its AMPP partner logic 
functions, and any output files from any of the foregoing 
(including device programming or simulation files), and any 
associated documentation or information are expressly subject 
to the terms and conditions of the Altera Program License 
Subscription Agreement, Altera MegaCore Function License 
Agreement, or other applicable license agreement, including, 
without limitation, that your use is for the sole purpose of 
programming logic devices manufactured by Altera and sold by 
Altera or its authorized distributors.  Please refer to the 
applicable agreement for further details.



+---------------------------------------------------------------------------------------+
; Flow Summary                                                                          ;
+------------------------------------+--------------------------------------------------+
; Flow Status                        ; Successful - Wed Nov  2 15:26:22 2016            ;
; Quartus II 32-bit Version          ; 13.0.1 Build 232 06/12/2013 SP 1 SJ Full Version ;
; Revision Name                      ; regist                                           ;
; Top-level Entity Name              ; regist                                           ;
; Family                             ; Cyclone II                                       ;
; Device                             ; EP2C35F672C6                                     ;
; Timing Models                      ; Final                                            ;
; Total logic elements               ; 8 / 33,216 ( < 1 % )                             ;
;     Total combinational functions  ; 0 / 33,216 ( 0 % )                               ;
;     Dedicated logic registers      ; 8 / 33,216 ( < 1 % )                             ;
; Total registers                    ; 8                                                ;
; Total pins                         ; 18 / 475 ( 4 % )                                 ;
; Total virtual pins                 ; 0                                                ;
; Total memory bits                  ; 0 / 483,840 ( 0 % )                              ;
; Embedded Multiplier 9-bit elements ; 0 / 70 ( 0 % )                                   ;
; Total PLLs                         ; 0 / 4 ( 0 % )                                    ;
+------------------------------------+--------------------------------------------------+


+-----------------------------------------+
; Flow Settings                           ;
+-------------------+---------------------+
; Option            ; Setting             ;
+-------------------+---------------------+
; Start date & time ; 11/02/2016 15:26:07 ;
; Main task         ; Compilation         ;
; Revision Name     ; regist              ;
+-------------------+---------------------+


+------------------------------------------------------------------------------------------------------------------------------------------+
; Flow Non-Default Global Settings                                                                                                         ;
+-------------------------------------+-----------------------------------------------------+---------------+-------------+----------------+
; Assignment Name                     ; Value                                               ; Default Value ; Entity Name ; Section Id     ;
+-------------------------------------+-----------------------------------------------------+---------------+-------------+----------------+
; COMPILER_SIGNATURE_ID               ; 203178703715950.147811476722261                     ; --            ; --          ; --             ;
; MAX_CORE_JUNCTION_TEMP              ; 85                                                  ; --            ; --          ; --             ;
; MIN_CORE_JUNCTION_TEMP              ; 0                                                   ; --            ; --          ; --             ;
; MISC_FILE                           ; /home/student2/saali/COE328/Lab-4/regist/regist.dpf ; --            ; --          ; --             ;
; PARTITION_COLOR                     ; 16764057                                            ; --            ; --          ; Top            ;
; PARTITION_FITTER_PRESERVATION_LEVEL ; PLACEMENT_AND_ROUTING                               ; --            ; --          ; Top            ;
; PARTITION_NETLIST_TYPE              ; SOURCE                                              ; --            ; --          ; Top            ;
; USE_GENERATED_PHYSICAL_CONSTRAINTS  ; Off                                                 ; --            ; --          ; eda_blast_fpga ;
+-------------------------------------+-----------------------------------------------------+---------------+-------------+----------------+


+-------------------------------------------------------------------------------------------------------------------------------+
; Flow Elapsed Time                                                                                                             ;
+---------------------------+--------------+-------------------------+---------------------+------------------------------------+
; Module Name               ; Elapsed Time ; Average Processors Used ; Peak Virtual Memory ; Total CPU Time (on all processors) ;
+---------------------------+--------------+-------------------------+---------------------+------------------------------------+
; Analysis & Synthesis      ; 00:00:03     ; 1.0                     ; 371 MB              ; 00:00:01                           ;
; Fitter                    ; 00:00:04     ; 1.0                     ; 529 MB              ; 00:00:05                           ;
; Assembler                 ; 00:00:03     ; 1.0                     ; 346 MB              ; 00:00:02                           ;
; TimeQuest Timing Analyzer ; 00:00:02     ; 1.0                     ; 324 MB              ; 00:00:01                           ;
; Total                     ; 00:00:12     ; --                      ; --                  ; 00:00:09                           ;
+---------------------------+--------------+-------------------------+---------------------+------------------------------------+


+--------------------------------------------------------------------------------------------------+
; Flow OS Summary                                                                                  ;
+---------------------------+---------------------+------------------+------------+----------------+
; Module Name               ; Machine Hostname    ; OS Name          ; OS Version ; Processor type ;
+---------------------------+---------------------+------------------+------------+----------------+
; Analysis & Synthesis      ; harry.ee.ryerson.ca ; Scientific Linux ; 6          ; x86_64         ;
; Fitter                    ; harry.ee.ryerson.ca ; Scientific Linux ; 6          ; x86_64         ;
; Assembler                 ; harry.ee.ryerson.ca ; Scientific Linux ; 6          ; x86_64         ;
; TimeQuest Timing Analyzer ; harry.ee.ryerson.ca ; Scientific Linux ; 6          ; x86_64         ;
+---------------------------+---------------------+------------------+------------+----------------+


------------
; Flow Log ;
------------
quartus_map --read_settings_files=on --write_settings_files=off regist -c regist
quartus_fit --read_settings_files=off --write_settings_files=off regist -c regist
quartus_asm --read_settings_files=off --write_settings_files=off regist -c regist
quartus_sta regist -c regist



