Classic Timing Analyzer report for compar
Tue Oct 14 11:46:51 2014
Quartus II Version 9.0 Build 132 02/25/2009 SJ Full Version


---------------------
; Table of Contents ;
---------------------
  1. Legal Notice
  2. Timing Analyzer Summary
  3. Timing Analyzer Settings
  4. Parallel Compilation
  5. tpd
  6. Timing Analyzer Messages



----------------
; Legal Notice ;
----------------
Copyright (C) 1991-2009 Altera Corporation
Your use of Altera Corporation's design tools, logic functions 
and other software and tools, and its AMPP partner logic 
functions, and any output files from any of the foregoing 
(including device programming or simulation files), and any 
associated documentation or information are expressly subject 
to the terms and conditions of the Altera Program License 
Subscription Agreement, Altera MegaCore Function License 
Agreement, or other applicable license agreement, including, 
without limitation, that your use is for the sole purpose of 
programming logic devices manufactured by Altera and sold by 
Altera or its authorized distributors.  Please refer to the 
applicable agreement for further details.



+-------------------------------------------------------------------------------------------------------------------------+
; Timing Analyzer Summary                                                                                                 ;
+------------------------------+-------+---------------+-------------+------+------+------------+----------+--------------+
; Type                         ; Slack ; Required Time ; Actual Time ; From ; To   ; From Clock ; To Clock ; Failed Paths ;
+------------------------------+-------+---------------+-------------+------+------+------------+----------+--------------+
; Worst-case tpd               ; N/A   ; None          ; 12.326 ns   ; A[3] ; AltB ; --         ; --       ; 0            ;
; Total number of failed paths ;       ;               ;             ;      ;      ;            ;          ; 0            ;
+------------------------------+-------+---------------+-------------+------+------+------------+----------+--------------+


+--------------------------------------------------------------------------------------------------------------------+
; Timing Analyzer Settings                                                                                           ;
+---------------------------------------------------------------------+--------------------+------+----+-------------+
; Option                                                              ; Setting            ; From ; To ; Entity Name ;
+---------------------------------------------------------------------+--------------------+------+----+-------------+
; Device Name                                                         ; EP2C35F672C6       ;      ;    ;             ;
; Timing Models                                                       ; Final              ;      ;    ;             ;
; Default hold multicycle                                             ; Same as Multicycle ;      ;    ;             ;
; Cut paths between unrelated clock domains                           ; On                 ;      ;    ;             ;
; Cut off read during write signal paths                              ; On                 ;      ;    ;             ;
; Cut off feedback from I/O pins                                      ; On                 ;      ;    ;             ;
; Report Combined Fast/Slow Timing                                    ; Off                ;      ;    ;             ;
; Ignore Clock Settings                                               ; Off                ;      ;    ;             ;
; Analyze latches as synchronous elements                             ; On                 ;      ;    ;             ;
; Enable Recovery/Removal analysis                                    ; Off                ;      ;    ;             ;
; Enable Clock Latency                                                ; Off                ;      ;    ;             ;
; Use TimeQuest Timing Analyzer                                       ; Off                ;      ;    ;             ;
; Minimum Core Junction Temperature                                   ; 0                  ;      ;    ;             ;
; Maximum Core Junction Temperature                                   ; 85                 ;      ;    ;             ;
; Number of source nodes to report per destination node               ; 10                 ;      ;    ;             ;
; Number of destination nodes to report                               ; 10                 ;      ;    ;             ;
; Number of paths to report                                           ; 200                ;      ;    ;             ;
; Report Minimum Timing Checks                                        ; Off                ;      ;    ;             ;
; Use Fast Timing Models                                              ; Off                ;      ;    ;             ;
; Report IO Paths Separately                                          ; Off                ;      ;    ;             ;
; Perform Multicorner Analysis                                        ; On                 ;      ;    ;             ;
; Reports the worst-case path for each clock domain and analysis      ; Off                ;      ;    ;             ;
; Removes common clock path pessimism (CCPP) during slack computation ; Off                ;      ;    ;             ;
; Output I/O Timing Endpoint                                          ; Near End           ;      ;    ;             ;
+---------------------------------------------------------------------+--------------------+------+----+-------------+


+------------------------------------------+
; Parallel Compilation                     ;
+----------------------------+-------------+
; Processors                 ; Number      ;
+----------------------------+-------------+
; Number detected on machine ; 4           ;
; Maximum allowed            ; 4           ;
;                            ;             ;
; Average used               ; 1.00        ;
; Maximum used               ; 1           ;
;                            ;             ;
; Usage by Processor         ; % Time Used ;
;     1 processor            ; 100.0%      ;
;     2-4 processors         ;   0.0%      ;
+----------------------------+-------------+


+-----------------------------------------------------------+
; tpd                                                       ;
+-------+-------------------+-----------------+------+------+
; Slack ; Required P2P Time ; Actual P2P Time ; From ; To   ;
+-------+-------------------+-----------------+------+------+
; N/A   ; None              ; 12.326 ns       ; A[3] ; AltB ;
; N/A   ; None              ; 12.316 ns       ; B[0] ; AltB ;
; N/A   ; None              ; 12.249 ns       ; A[3] ; AgtB ;
; N/A   ; None              ; 12.232 ns       ; B[0] ; AgtB ;
; N/A   ; None              ; 12.193 ns       ; A[2] ; AltB ;
; N/A   ; None              ; 12.187 ns       ; A[3] ; AeqB ;
; N/A   ; None              ; 12.084 ns       ; A[2] ; AgtB ;
; N/A   ; None              ; 12.024 ns       ; A[2] ; AeqB ;
; N/A   ; None              ; 12.011 ns       ; A[1] ; AltB ;
; N/A   ; None              ; 11.964 ns       ; A[1] ; AgtB ;
; N/A   ; None              ; 11.906 ns       ; A[1] ; AeqB ;
; N/A   ; None              ; 11.885 ns       ; A[0] ; AltB ;
; N/A   ; None              ; 11.805 ns       ; A[0] ; AgtB ;
; N/A   ; None              ; 11.777 ns       ; B[0] ; AeqB ;
; N/A   ; None              ; 11.345 ns       ; A[0] ; AeqB ;
; N/A   ; None              ; 8.987 ns        ; B[3] ; AltB ;
; N/A   ; None              ; 8.880 ns        ; B[3] ; AgtB ;
; N/A   ; None              ; 8.822 ns        ; B[3] ; AeqB ;
; N/A   ; None              ; 8.712 ns        ; B[2] ; AltB ;
; N/A   ; None              ; 8.605 ns        ; B[2] ; AgtB ;
; N/A   ; None              ; 8.544 ns        ; B[2] ; AeqB ;
; N/A   ; None              ; 8.398 ns        ; B[1] ; AltB ;
; N/A   ; None              ; 8.321 ns        ; B[1] ; AgtB ;
; N/A   ; None              ; 8.262 ns        ; B[1] ; AeqB ;
+-------+-------------------+-----------------+------+------+


+--------------------------+
; Timing Analyzer Messages ;
+--------------------------+
Info: *******************************************************************
Info: Running Quartus II Classic Timing Analyzer
    Info: Version 9.0 Build 132 02/25/2009 SJ Full Version
    Info: Processing started: Tue Oct 14 11:46:50 2014
Info: Command: quartus_tan --read_settings_files=off --write_settings_files=off compar -c compar --timing_analysis_only
Info: Parallel compilation is enabled and will use 4 of the 4 processors detected
Info: Longest tpd from source pin "A[3]" to destination pin "AltB" is 12.326 ns
    Info: 1: + IC(0.000 ns) + CELL(0.842 ns) = 0.842 ns; Loc. = PIN_U3; Fanout = 3; PIN Node = 'A[3]'
    Info: 2: + IC(4.509 ns) + CELL(0.406 ns) = 5.757 ns; Loc. = LCCOMB_X1_Y12_N12; Fanout = 1; COMB Node = 'LessThan1~0'
    Info: 3: + IC(0.265 ns) + CELL(0.438 ns) = 6.460 ns; Loc. = LCCOMB_X1_Y12_N16; Fanout = 1; COMB Node = 'LessThan1~2'
    Info: 4: + IC(3.068 ns) + CELL(2.798 ns) = 12.326 ns; Loc. = PIN_AE13; Fanout = 0; PIN Node = 'AltB'
    Info: Total cell delay = 4.484 ns ( 36.38 % )
    Info: Total interconnect delay = 7.842 ns ( 63.62 % )
Info: Quartus II Classic Timing Analyzer was successful. 0 errors, 0 warnings
    Info: Peak virtual memory: 143 megabytes
    Info: Processing ended: Tue Oct 14 11:46:51 2014
    Info: Elapsed time: 00:00:01
    Info: Total CPU time (on all processors): 00:00:00


