Classic Timing Analyzer report for sevseg
Tue Oct 21 11:10:07 2014
Quartus II Version 9.0 Build 132 02/25/2009 SJ Full Version


---------------------
; Table of Contents ;
---------------------
  1. Legal Notice
  2. Timing Analyzer Summary
  3. Timing Analyzer Settings
  4. Parallel Compilation
  5. tpd
  6. Timing Analyzer Messages



----------------
; Legal Notice ;
----------------
Copyright (C) 1991-2009 Altera Corporation
Your use of Altera Corporation's design tools, logic functions 
and other software and tools, and its AMPP partner logic 
functions, and any output files from any of the foregoing 
(including device programming or simulation files), and any 
associated documentation or information are expressly subject 
to the terms and conditions of the Altera Program License 
Subscription Agreement, Altera MegaCore Function License 
Agreement, or other applicable license agreement, including, 
without limitation, that your use is for the sole purpose of 
programming logic devices manufactured by Altera and sold by 
Altera or its authorized distributors.  Please refer to the 
applicable agreement for further details.



+------------------------------------------------------------------------------------------------------------------------------+
; Timing Analyzer Summary                                                                                                      ;
+------------------------------+-------+---------------+-------------+--------+---------+------------+----------+--------------+
; Type                         ; Slack ; Required Time ; Actual Time ; From   ; To      ; From Clock ; To Clock ; Failed Paths ;
+------------------------------+-------+---------------+-------------+--------+---------+------------+----------+--------------+
; Worst-case tpd               ; N/A   ; None          ; 10.916 ns   ; bcd[2] ; leds[5] ; --         ; --       ; 0            ;
; Total number of failed paths ;       ;               ;             ;        ;         ;            ;          ; 0            ;
+------------------------------+-------+---------------+-------------+--------+---------+------------+----------+--------------+


+--------------------------------------------------------------------------------------------------------------------+
; Timing Analyzer Settings                                                                                           ;
+---------------------------------------------------------------------+--------------------+------+----+-------------+
; Option                                                              ; Setting            ; From ; To ; Entity Name ;
+---------------------------------------------------------------------+--------------------+------+----+-------------+
; Device Name                                                         ; EP2C35F672C6       ;      ;    ;             ;
; Timing Models                                                       ; Final              ;      ;    ;             ;
; Default hold multicycle                                             ; Same as Multicycle ;      ;    ;             ;
; Cut paths between unrelated clock domains                           ; On                 ;      ;    ;             ;
; Cut off read during write signal paths                              ; On                 ;      ;    ;             ;
; Cut off feedback from I/O pins                                      ; On                 ;      ;    ;             ;
; Report Combined Fast/Slow Timing                                    ; Off                ;      ;    ;             ;
; Ignore Clock Settings                                               ; Off                ;      ;    ;             ;
; Analyze latches as synchronous elements                             ; On                 ;      ;    ;             ;
; Enable Recovery/Removal analysis                                    ; Off                ;      ;    ;             ;
; Enable Clock Latency                                                ; Off                ;      ;    ;             ;
; Use TimeQuest Timing Analyzer                                       ; Off                ;      ;    ;             ;
; Minimum Core Junction Temperature                                   ; 0                  ;      ;    ;             ;
; Maximum Core Junction Temperature                                   ; 85                 ;      ;    ;             ;
; Number of source nodes to report per destination node               ; 10                 ;      ;    ;             ;
; Number of destination nodes to report                               ; 10                 ;      ;    ;             ;
; Number of paths to report                                           ; 200                ;      ;    ;             ;
; Report Minimum Timing Checks                                        ; Off                ;      ;    ;             ;
; Use Fast Timing Models                                              ; Off                ;      ;    ;             ;
; Report IO Paths Separately                                          ; Off                ;      ;    ;             ;
; Perform Multicorner Analysis                                        ; On                 ;      ;    ;             ;
; Reports the worst-case path for each clock domain and analysis      ; Off                ;      ;    ;             ;
; Removes common clock path pessimism (CCPP) during slack computation ; Off                ;      ;    ;             ;
; Output I/O Timing Endpoint                                          ; Near End           ;      ;    ;             ;
+---------------------------------------------------------------------+--------------------+------+----+-------------+


+------------------------------------------+
; Parallel Compilation                     ;
+----------------------------+-------------+
; Processors                 ; Number      ;
+----------------------------+-------------+
; Number detected on machine ; 4           ;
; Maximum allowed            ; 4           ;
;                            ;             ;
; Average used               ; 1.00        ;
; Maximum used               ; 1           ;
;                            ;             ;
; Usage by Processor         ; % Time Used ;
;     1 processor            ; 100.0%      ;
;     2-4 processors         ;   0.0%      ;
+----------------------------+-------------+


+----------------------------------------------------------------+
; tpd                                                            ;
+-------+-------------------+-----------------+--------+---------+
; Slack ; Required P2P Time ; Actual P2P Time ; From   ; To      ;
+-------+-------------------+-----------------+--------+---------+
; N/A   ; None              ; 10.916 ns       ; bcd[2] ; leds[5] ;
; N/A   ; None              ; 10.911 ns       ; bcd[2] ; leds[4] ;
; N/A   ; None              ; 10.887 ns       ; bcd[2] ; leds[6] ;
; N/A   ; None              ; 10.868 ns       ; bcd[3] ; leds[6] ;
; N/A   ; None              ; 10.866 ns       ; bcd[2] ; leds[7] ;
; N/A   ; None              ; 10.855 ns       ; bcd[3] ; leds[7] ;
; N/A   ; None              ; 10.853 ns       ; bcd[0] ; leds[6] ;
; N/A   ; None              ; 10.850 ns       ; bcd[0] ; leds[4] ;
; N/A   ; None              ; 10.826 ns       ; bcd[0] ; leds[5] ;
; N/A   ; None              ; 10.805 ns       ; bcd[0] ; leds[7] ;
; N/A   ; None              ; 10.663 ns       ; bcd[2] ; leds[1] ;
; N/A   ; None              ; 10.646 ns       ; bcd[1] ; leds[6] ;
; N/A   ; None              ; 10.644 ns       ; bcd[1] ; leds[5] ;
; N/A   ; None              ; 10.633 ns       ; bcd[1] ; leds[4] ;
; N/A   ; None              ; 10.631 ns       ; bcd[2] ; leds[2] ;
; N/A   ; None              ; 10.616 ns       ; bcd[3] ; leds[1] ;
; N/A   ; None              ; 10.607 ns       ; bcd[0] ; leds[1] ;
; N/A   ; None              ; 10.589 ns       ; bcd[1] ; leds[7] ;
; N/A   ; None              ; 10.585 ns       ; bcd[2] ; leds[3] ;
; N/A   ; None              ; 10.571 ns       ; bcd[0] ; leds[3] ;
; N/A   ; None              ; 10.567 ns       ; bcd[0] ; leds[2] ;
; N/A   ; None              ; 10.390 ns       ; bcd[1] ; leds[1] ;
; N/A   ; None              ; 10.361 ns       ; bcd[1] ; leds[3] ;
; N/A   ; None              ; 10.353 ns       ; bcd[1] ; leds[2] ;
+-------+-------------------+-----------------+--------+---------+


+--------------------------+
; Timing Analyzer Messages ;
+--------------------------+
Info: *******************************************************************
Info: Running Quartus II Classic Timing Analyzer
    Info: Version 9.0 Build 132 02/25/2009 SJ Full Version
    Info: Processing started: Tue Oct 21 11:10:07 2014
Info: Command: quartus_tan --read_settings_files=off --write_settings_files=off sevseg -c sevseg --timing_analysis_only
Info: Parallel compilation is enabled and will use 4 of the 4 processors detected
Info: Longest tpd from source pin "bcd[2]" to destination pin "leds[5]" is 10.916 ns
    Info: 1: + IC(0.000 ns) + CELL(0.832 ns) = 0.832 ns; Loc. = PIN_U4; Fanout = 7; PIN Node = 'bcd[2]'
    Info: 2: + IC(5.954 ns) + CELL(0.420 ns) = 7.206 ns; Loc. = LCCOMB_X25_Y4_N12; Fanout = 1; COMB Node = 'Mux4~0'
    Info: 3: + IC(0.912 ns) + CELL(2.798 ns) = 10.916 ns; Loc. = PIN_AE11; Fanout = 0; PIN Node = 'leds[5]'
    Info: Total cell delay = 4.050 ns ( 37.10 % )
    Info: Total interconnect delay = 6.866 ns ( 62.90 % )
Info: Quartus II Classic Timing Analyzer was successful. 0 errors, 0 warnings
    Info: Peak virtual memory: 143 megabytes
    Info: Processing ended: Tue Oct 21 11:10:08 2014
    Info: Elapsed time: 00:00:01
    Info: Total CPU time (on all processors): 00:00:00


